<?xml version="1.0" encoding="UTF-8"?>
<!-- Generated by org.testng.reporters.JUnitReportReporter -->
<testsuite skipped="0" hostname="Toshiba" name="by.epam.javatraining.halavin.taskone.test.ConeMethodsTest" tests="12" failures="0" timestamp="15 дек 2018 20:26:38 GMT" time="0.016" errors="0">
  <testcase name="isCoorPlaneFalse" time="0.016" classname="by.epam.javatraining.halavin.taskone.test.ConeMethodsTest"/>
  <testcase name="getSpaceTestException" time="0.000" classname="by.epam.javatraining.halavin.taskone.test.ConeMethodsTest"/>
  <testcase name="isConeTestFalse" time="0.000" classname="by.epam.javatraining.halavin.taskone.test.ConeMethodsTest"/>
  <testcase name="getSpaceRatio" time="0.000" classname="by.epam.javatraining.halavin.taskone.test.ConeMethodsTest"/>
  <testcase name="getSquareTest" time="0.000" classname="by.epam.javatraining.halavin.taskone.test.ConeMethodsTest"/>
  <testcase name="isConeTestTrue" time="0.000" classname="by.epam.javatraining.halavin.taskone.test.ConeMethodsTest"/>
  <testcase name="isCoorPlaneException" time="0.000" classname="by.epam.javatraining.halavin.taskone.test.ConeMethodsTest"/>
  <testcase name="getSquareTestException" time="0.000" classname="by.epam.javatraining.halavin.taskone.test.ConeMethodsTest"/>
  <testcase name="getSpaceRatioTestPlateException" time="0.000" classname="by.epam.javatraining.halavin.taskone.test.ConeMethodsTest"/>
  <testcase name="isCoorPlaneTrue" time="0.000" classname="by.epam.javatraining.halavin.taskone.test.ConeMethodsTest"/>
  <testcase name="getSpaceTest" time="0.000" classname="by.epam.javatraining.halavin.taskone.test.ConeMethodsTest"/>
  <testcase name="getSpaceRatioTestNotCone" time="0.000" classname="by.epam.javatraining.halavin.taskone.test.ConeMethodsTest"/>
</testsuite> <!-- by.epam.javatraining.halavin.taskone.test.ConeMethodsTest -->
