<?xml version="1.0" encoding="UTF-8"?>
<!-- Generated by org.testng.reporters.JUnitReportReporter -->
<testsuite skipped="0" hostname="Toshiba" name="by.epam.javatraining.halavin.taskone.test.DotTest" tests="13" failures="0" timestamp="15 дек 2018 20:26:38 GMT" time="0.016" errors="0">
  <testcase name="dotEqualsTestTrue" time="0.000" classname="by.epam.javatraining.halavin.taskone.test.DotTest"/>
  <testcase name="dotGetXTest" time="0.000" classname="by.epam.javatraining.halavin.taskone.test.DotTest"/>
  <testcase name="dotToString" time="0.000" classname="by.epam.javatraining.halavin.taskone.test.DotTest"/>
  <testcase name="dotSetXTest" time="0.000" classname="by.epam.javatraining.halavin.taskone.test.DotTest"/>
  <testcase name="dotSetYTest" time="0.000" classname="by.epam.javatraining.halavin.taskone.test.DotTest"/>
  <testcase name="dotSetZTest" time="0.000" classname="by.epam.javatraining.halavin.taskone.test.DotTest"/>
  <testcase name="dotEqualsTestFalse" time="0.000" classname="by.epam.javatraining.halavin.taskone.test.DotTest"/>
  <testcase name="dotCopyConstructorTest" time="0.000" classname="by.epam.javatraining.halavin.taskone.test.DotTest"/>
  <testcase name="dotGetZTest" time="0.016" classname="by.epam.javatraining.halavin.taskone.test.DotTest"/>
  <testcase name="dotHashCodeTestTrue" time="0.000" classname="by.epam.javatraining.halavin.taskone.test.DotTest"/>
  <testcase name="dotHashCodeTestFalse" time="0.000" classname="by.epam.javatraining.halavin.taskone.test.DotTest"/>
  <testcase name="dotParameterConstructorTest" time="0.000" classname="by.epam.javatraining.halavin.taskone.test.DotTest"/>
  <testcase name="dotGetYTest" time="0.000" classname="by.epam.javatraining.halavin.taskone.test.DotTest"/>
</testsuite> <!-- by.epam.javatraining.halavin.taskone.test.DotTest -->
