<?xml version="1.0" encoding="UTF-8"?>
<!-- Generated by org.testng.reporters.JUnitReportReporter -->
<testsuite skipped="0" hostname="Toshiba" name="by.epam.javatraining.halavin.taskone.test.SystemTest" tests="7" failures="0" timestamp="15 дек 2018 20:26:38 GMT" time="0.172" errors="0">
  <testcase name="spaceRatioCommandTest" time="0.000" classname="by.epam.javatraining.halavin.taskone.test.SystemTest"/>
  <testcase name="squareCommandTest" time="0.016" classname="by.epam.javatraining.halavin.taskone.test.SystemTest"/>
  <testcase name="isFigureCommandTest" time="0.015" classname="by.epam.javatraining.halavin.taskone.test.SystemTest"/>
  <testcase name="addShapeToFileCommandTest" time="0.141" classname="by.epam.javatraining.halavin.taskone.test.SystemTest"/>
  <testcase name="spaceCommandTest" time="0.000" classname="by.epam.javatraining.halavin.taskone.test.SystemTest"/>
  <testcase name="isCoorPlaneCommandTest" time="0.000" classname="by.epam.javatraining.halavin.taskone.test.SystemTest"/>
  <testcase name="wrongCommandTest" time="0.000" classname="by.epam.javatraining.halavin.taskone.test.SystemTest"/>
</testsuite> <!-- by.epam.javatraining.halavin.taskone.test.SystemTest -->
