<?xml version="1.0" encoding="UTF-8"?>
<!-- Generated by org.testng.reporters.JUnitReportReporter -->
<testsuite skipped="0" hostname="Toshiba" name="by.epam.javatraining.halavin.taskone.test.LibraryMethosTest" tests="2" failures="0" timestamp="15 дек 2018 20:26:38 GMT" time="0.047" errors="0">
  <testcase name="AddToFileTestException" time="0.000" classname="by.epam.javatraining.halavin.taskone.test.LibraryMethosTest"/>
  <testcase name="AddToFileTest" time="0.047" classname="by.epam.javatraining.halavin.taskone.test.LibraryMethosTest"/>
</testsuite> <!-- by.epam.javatraining.halavin.taskone.test.LibraryMethosTest -->
